2017-12-06 15:14:35 INFO  Version:45 - HHH000412: Hibernate Core {5.2.12.Final}
2017-12-06 15:14:35 INFO  Environment:213 - HHH000206: hibernate.properties not found
2017-12-06 15:14:35 INFO  Version:66 - HCANN000001: Hibernate Commons Annotations {5.0.1.Final}
2017-12-06 15:14:36 INFO  Dialect:157 - HHH000400: Using dialect: org.hibernate.dialect.MySQL5Dialect
2017-12-06 15:14:37 INFO  Version:17 - HV000001: Hibernate Validator 5.2.1.Final
2017-12-06 15:14:39 INFO  Dialect:157 - HHH000400: Using dialect: org.hibernate.dialect.MySQL5Dialect
2017-12-06 16:01:41 INFO  Version:45 - HHH000412: Hibernate Core {5.2.12.Final}
2017-12-06 16:01:41 INFO  Environment:213 - HHH000206: hibernate.properties not found
2017-12-06 16:01:41 INFO  Version:66 - HCANN000001: Hibernate Commons Annotations {5.0.1.Final}
2017-12-06 16:01:43 INFO  Dialect:157 - HHH000400: Using dialect: org.hibernate.dialect.MySQL5Dialect
2017-12-06 16:01:44 INFO  Version:17 - HV000001: Hibernate Validator 5.2.1.Final
2017-12-06 16:01:47 INFO  Dialect:157 - HHH000400: Using dialect: org.hibernate.dialect.MySQL5Dialect
2017-12-06 16:06:34 INFO  Version:45 - HHH000412: Hibernate Core {5.2.12.Final}
2017-12-06 16:06:34 INFO  Environment:213 - HHH000206: hibernate.properties not found
2017-12-06 16:06:35 INFO  Version:66 - HCANN000001: Hibernate Commons Annotations {5.0.1.Final}
2017-12-06 16:06:39 INFO  Dialect:157 - HHH000400: Using dialect: org.hibernate.dialect.MySQL5Dialect
2017-12-06 16:06:42 INFO  Version:17 - HV000001: Hibernate Validator 5.2.1.Final
2017-12-06 16:06:50 INFO  Dialect:157 - HHH000400: Using dialect: org.hibernate.dialect.MySQL5Dialect
2017-12-06 22:10:32 INFO  Version:45 - HHH000412: Hibernate Core {5.2.12.Final}
2017-12-06 22:10:32 INFO  Environment:213 - HHH000206: hibernate.properties not found
2017-12-06 22:10:32 INFO  Version:66 - HCANN000001: Hibernate Commons Annotations {5.0.1.Final}
2017-12-06 22:10:35 INFO  Dialect:157 - HHH000400: Using dialect: org.hibernate.dialect.MySQL5Dialect
2017-12-06 22:10:36 INFO  Version:17 - HV000001: Hibernate Validator 5.2.1.Final
2017-12-06 22:10:39 INFO  Dialect:157 - HHH000400: Using dialect: org.hibernate.dialect.MySQL5Dialect
2017-12-06 22:12:30 INFO  Version:45 - HHH000412: Hibernate Core {5.2.12.Final}
2017-12-06 22:12:30 INFO  Environment:213 - HHH000206: hibernate.properties not found
2017-12-06 22:12:30 INFO  Version:66 - HCANN000001: Hibernate Commons Annotations {5.0.1.Final}
2017-12-06 22:12:31 INFO  Dialect:157 - HHH000400: Using dialect: org.hibernate.dialect.MySQL5Dialect
2017-12-06 22:12:31 INFO  Version:17 - HV000001: Hibernate Validator 5.2.1.Final
2017-12-06 22:12:33 INFO  Dialect:157 - HHH000400: Using dialect: org.hibernate.dialect.MySQL5Dialect
2017-12-06 22:13:48 INFO  Version:45 - HHH000412: Hibernate Core {5.2.12.Final}
2017-12-06 22:13:48 INFO  Environment:213 - HHH000206: hibernate.properties not found
2017-12-06 22:13:48 INFO  Version:66 - HCANN000001: Hibernate Commons Annotations {5.0.1.Final}
2017-12-06 22:13:49 INFO  Dialect:157 - HHH000400: Using dialect: org.hibernate.dialect.MySQL5Dialect
2017-12-06 22:13:49 INFO  Version:17 - HV000001: Hibernate Validator 5.2.1.Final
2017-12-06 22:13:51 INFO  Dialect:157 - HHH000400: Using dialect: org.hibernate.dialect.MySQL5Dialect
2017-12-06 22:25:32 INFO  Version:45 - HHH000412: Hibernate Core {5.2.12.Final}
2017-12-06 22:25:32 INFO  Environment:213 - HHH000206: hibernate.properties not found
2017-12-06 22:25:32 INFO  Version:66 - HCANN000001: Hibernate Commons Annotations {5.0.1.Final}
2017-12-06 22:25:33 INFO  Dialect:157 - HHH000400: Using dialect: org.hibernate.dialect.MySQL5Dialect
2017-12-06 22:25:34 INFO  Version:17 - HV000001: Hibernate Validator 5.2.1.Final
2017-12-06 22:25:36 INFO  Dialect:157 - HHH000400: Using dialect: org.hibernate.dialect.MySQL5Dialect
2017-12-06 22:26:53 INFO  Version:45 - HHH000412: Hibernate Core {5.2.12.Final}
2017-12-06 22:26:53 INFO  Environment:213 - HHH000206: hibernate.properties not found
2017-12-06 22:26:53 INFO  Version:66 - HCANN000001: Hibernate Commons Annotations {5.0.1.Final}
2017-12-06 22:26:54 INFO  Dialect:157 - HHH000400: Using dialect: org.hibernate.dialect.MySQL5Dialect
2017-12-06 22:26:55 INFO  Version:17 - HV000001: Hibernate Validator 5.2.1.Final
2017-12-06 22:26:56 INFO  Dialect:157 - HHH000400: Using dialect: org.hibernate.dialect.MySQL5Dialect
2017-12-06 22:28:11 INFO  Version:45 - HHH000412: Hibernate Core {5.2.12.Final}
2017-12-06 22:28:11 INFO  Environment:213 - HHH000206: hibernate.properties not found
2017-12-06 22:28:11 INFO  Version:66 - HCANN000001: Hibernate Commons Annotations {5.0.1.Final}
2017-12-06 22:28:11 INFO  Dialect:157 - HHH000400: Using dialect: org.hibernate.dialect.MySQL5Dialect
2017-12-06 22:28:12 INFO  Version:17 - HV000001: Hibernate Validator 5.2.1.Final
2017-12-06 22:28:14 INFO  Dialect:157 - HHH000400: Using dialect: org.hibernate.dialect.MySQL5Dialect
2017-12-06 22:32:05 INFO  Version:45 - HHH000412: Hibernate Core {5.2.12.Final}
2017-12-06 22:32:05 INFO  Environment:213 - HHH000206: hibernate.properties not found
2017-12-06 22:32:05 INFO  Version:66 - HCANN000001: Hibernate Commons Annotations {5.0.1.Final}
2017-12-06 22:32:06 INFO  Dialect:157 - HHH000400: Using dialect: org.hibernate.dialect.MySQL5Dialect
2017-12-06 22:32:06 INFO  Version:17 - HV000001: Hibernate Validator 5.2.1.Final
2017-12-06 22:32:08 INFO  Dialect:157 - HHH000400: Using dialect: org.hibernate.dialect.MySQL5Dialect
2017-12-06 22:35:10 INFO  Version:45 - HHH000412: Hibernate Core {5.2.12.Final}
2017-12-06 22:35:10 INFO  Environment:213 - HHH000206: hibernate.properties not found
2017-12-06 22:35:10 INFO  Version:66 - HCANN000001: Hibernate Commons Annotations {5.0.1.Final}
2017-12-06 22:35:10 INFO  Dialect:157 - HHH000400: Using dialect: org.hibernate.dialect.MySQL5Dialect
2017-12-06 22:35:11 INFO  Version:17 - HV000001: Hibernate Validator 5.2.1.Final
2017-12-06 22:35:13 INFO  Dialect:157 - HHH000400: Using dialect: org.hibernate.dialect.MySQL5Dialect
2017-12-06 22:37:45 INFO  Version:45 - HHH000412: Hibernate Core {5.2.12.Final}
2017-12-06 22:37:45 INFO  Environment:213 - HHH000206: hibernate.properties not found
2017-12-06 22:37:45 INFO  Version:66 - HCANN000001: Hibernate Commons Annotations {5.0.1.Final}
2017-12-06 22:37:46 INFO  Dialect:157 - HHH000400: Using dialect: org.hibernate.dialect.MySQL5Dialect
2017-12-06 22:37:46 INFO  Version:17 - HV000001: Hibernate Validator 5.2.1.Final
2017-12-06 22:37:48 INFO  Dialect:157 - HHH000400: Using dialect: org.hibernate.dialect.MySQL5Dialect
2017-12-06 22:45:04 INFO  Version:45 - HHH000412: Hibernate Core {5.2.12.Final}
2017-12-06 22:45:04 INFO  Environment:213 - HHH000206: hibernate.properties not found
2017-12-06 22:45:04 INFO  Version:66 - HCANN000001: Hibernate Commons Annotations {5.0.1.Final}
2017-12-06 22:45:05 INFO  Dialect:157 - HHH000400: Using dialect: org.hibernate.dialect.MySQL5Dialect
2017-12-06 22:45:05 INFO  Version:17 - HV000001: Hibernate Validator 5.2.1.Final
2017-12-06 22:45:07 INFO  Dialect:157 - HHH000400: Using dialect: org.hibernate.dialect.MySQL5Dialect
2017-12-06 22:49:49 INFO  Version:45 - HHH000412: Hibernate Core {5.2.12.Final}
2017-12-06 22:49:49 INFO  Environment:213 - HHH000206: hibernate.properties not found
2017-12-06 22:49:49 INFO  Version:66 - HCANN000001: Hibernate Commons Annotations {5.0.1.Final}
2017-12-06 22:49:49 INFO  Dialect:157 - HHH000400: Using dialect: org.hibernate.dialect.MySQL5Dialect
2017-12-06 22:49:50 INFO  Version:17 - HV000001: Hibernate Validator 5.2.1.Final
2017-12-06 22:49:51 INFO  Dialect:157 - HHH000400: Using dialect: org.hibernate.dialect.MySQL5Dialect
2017-12-06 22:54:38 INFO  Version:45 - HHH000412: Hibernate Core {5.2.12.Final}
2017-12-06 22:54:38 INFO  Environment:213 - HHH000206: hibernate.properties not found
2017-12-06 22:54:38 INFO  Version:66 - HCANN000001: Hibernate Commons Annotations {5.0.1.Final}
2017-12-06 22:54:38 INFO  Dialect:157 - HHH000400: Using dialect: org.hibernate.dialect.MySQL5Dialect
2017-12-06 22:54:39 INFO  Version:17 - HV000001: Hibernate Validator 5.2.1.Final
2017-12-06 22:54:41 INFO  Dialect:157 - HHH000400: Using dialect: org.hibernate.dialect.MySQL5Dialect
2017-12-06 23:02:02 INFO  Version:45 - HHH000412: Hibernate Core {5.2.12.Final}
2017-12-06 23:02:02 INFO  Environment:213 - HHH000206: hibernate.properties not found
2017-12-06 23:02:02 INFO  Version:66 - HCANN000001: Hibernate Commons Annotations {5.0.1.Final}
2017-12-06 23:02:03 INFO  Dialect:157 - HHH000400: Using dialect: org.hibernate.dialect.MySQL5Dialect
2017-12-06 23:02:04 INFO  Version:17 - HV000001: Hibernate Validator 5.2.1.Final
2017-12-06 23:02:07 INFO  Dialect:157 - HHH000400: Using dialect: org.hibernate.dialect.MySQL5Dialect
2017-12-06 23:04:24 INFO  Version:45 - HHH000412: Hibernate Core {5.2.12.Final}
2017-12-06 23:04:24 INFO  Environment:213 - HHH000206: hibernate.properties not found
2017-12-06 23:04:24 INFO  Version:66 - HCANN000001: Hibernate Commons Annotations {5.0.1.Final}
2017-12-06 23:04:24 INFO  Dialect:157 - HHH000400: Using dialect: org.hibernate.dialect.MySQL5Dialect
2017-12-06 23:04:25 INFO  Version:17 - HV000001: Hibernate Validator 5.2.1.Final
2017-12-06 23:04:27 INFO  Dialect:157 - HHH000400: Using dialect: org.hibernate.dialect.MySQL5Dialect
2017-12-06 23:54:22 INFO  Version:45 - HHH000412: Hibernate Core {5.2.12.Final}
2017-12-06 23:54:22 INFO  Environment:213 - HHH000206: hibernate.properties not found
2017-12-06 23:54:22 INFO  Version:66 - HCANN000001: Hibernate Commons Annotations {5.0.1.Final}
2017-12-06 23:54:26 INFO  Dialect:157 - HHH000400: Using dialect: org.hibernate.dialect.MySQL5Dialect
2017-12-06 23:54:26 INFO  Version:17 - HV000001: Hibernate Validator 5.2.1.Final
2017-12-06 23:54:28 INFO  Dialect:157 - HHH000400: Using dialect: org.hibernate.dialect.MySQL5Dialect
2017-12-07 22:07:04 INFO  Version:45 - HHH000412: Hibernate Core {5.2.12.Final}
2017-12-07 22:07:04 INFO  Environment:213 - HHH000206: hibernate.properties not found
2017-12-07 22:07:05 INFO  Version:66 - HCANN000001: Hibernate Commons Annotations {5.0.1.Final}
2017-12-07 22:07:07 INFO  Dialect:157 - HHH000400: Using dialect: org.hibernate.dialect.MySQL5Dialect
2017-12-07 22:07:08 INFO  Version:17 - HV000001: Hibernate Validator 5.2.1.Final
2017-12-07 22:07:11 INFO  Dialect:157 - HHH000400: Using dialect: org.hibernate.dialect.MySQL5Dialect
2017-12-07 22:18:32 INFO  Version:45 - HHH000412: Hibernate Core {5.2.12.Final}
2017-12-07 22:18:32 INFO  Environment:213 - HHH000206: hibernate.properties not found
2017-12-07 22:18:33 INFO  Version:66 - HCANN000001: Hibernate Commons Annotations {5.0.1.Final}
2017-12-07 22:18:34 INFO  Dialect:157 - HHH000400: Using dialect: org.hibernate.dialect.MySQL5Dialect
2017-12-07 22:18:36 INFO  Version:17 - HV000001: Hibernate Validator 5.2.1.Final
2017-12-07 22:18:39 INFO  Dialect:157 - HHH000400: Using dialect: org.hibernate.dialect.MySQL5Dialect
2017-12-07 22:43:29 INFO  Version:45 - HHH000412: Hibernate Core {5.2.12.Final}
2017-12-07 22:43:29 INFO  Environment:213 - HHH000206: hibernate.properties not found
2017-12-07 22:43:30 INFO  Version:66 - HCANN000001: Hibernate Commons Annotations {5.0.1.Final}
2017-12-07 22:43:34 INFO  Dialect:157 - HHH000400: Using dialect: org.hibernate.dialect.MySQL5Dialect
2017-12-07 22:43:39 INFO  Version:17 - HV000001: Hibernate Validator 5.2.1.Final
2017-12-07 22:43:44 INFO  Dialect:157 - HHH000400: Using dialect: org.hibernate.dialect.MySQL5Dialect
2017-12-07 22:45:15 INFO  Version:45 - HHH000412: Hibernate Core {5.2.12.Final}
2017-12-07 22:45:15 INFO  Environment:213 - HHH000206: hibernate.properties not found
2017-12-07 22:45:15 INFO  Version:66 - HCANN000001: Hibernate Commons Annotations {5.0.1.Final}
2017-12-07 22:45:16 INFO  Dialect:157 - HHH000400: Using dialect: org.hibernate.dialect.MySQL5Dialect
2017-12-07 22:45:17 INFO  Version:17 - HV000001: Hibernate Validator 5.2.1.Final
2017-12-07 22:45:19 INFO  Dialect:157 - HHH000400: Using dialect: org.hibernate.dialect.MySQL5Dialect
2017-12-07 22:46:11 INFO  QueryTranslatorFactoryInitiator:47 - HHH000397: Using ASTQueryTranslatorFactory
2017-12-07 22:46:11 WARN  HqlSqlWalker:1090 - [DEPRECATION] Encountered positional parameter near line 1, column 59 in HQL: [from by.myProject.model.domain.User as o where o.userName=? and o.password=?].  Positional parameter are considered deprecated; use named parameters or JPA-style positional parameters instead.
2017-12-07 22:46:11 WARN  HqlSqlWalker:1090 - [DEPRECATION] Encountered positional parameter near line 1, column 76 in HQL: [from by.myProject.model.domain.User as o where o.userName=? and o.password=?].  Positional parameter are considered deprecated; use named parameters or JPA-style positional parameters instead.
2017-12-07 22:58:47 INFO  Version:45 - HHH000412: Hibernate Core {5.2.12.Final}
2017-12-07 22:58:47 INFO  Environment:213 - HHH000206: hibernate.properties not found
2017-12-07 22:58:50 INFO  Version:66 - HCANN000001: Hibernate Commons Annotations {5.0.1.Final}
2017-12-07 22:58:56 INFO  Dialect:157 - HHH000400: Using dialect: org.hibernate.dialect.MySQL5Dialect
2017-12-07 22:59:02 INFO  Version:17 - HV000001: Hibernate Validator 5.2.1.Final
2017-12-07 22:59:28 INFO  Dialect:157 - HHH000400: Using dialect: org.hibernate.dialect.MySQL5Dialect
2017-12-07 23:01:12 INFO  QueryTranslatorFactoryInitiator:47 - HHH000397: Using ASTQueryTranslatorFactory
2017-12-07 23:01:12 WARN  HqlSqlWalker:1090 - [DEPRECATION] Encountered positional parameter near line 1, column 59 in HQL: [from by.myProject.model.domain.User as o where o.userName=? and o.password=?].  Positional parameter are considered deprecated; use named parameters or JPA-style positional parameters instead.
2017-12-07 23:01:12 WARN  HqlSqlWalker:1090 - [DEPRECATION] Encountered positional parameter near line 1, column 76 in HQL: [from by.myProject.model.domain.User as o where o.userName=? and o.password=?].  Positional parameter are considered deprecated; use named parameters or JPA-style positional parameters instead.
2017-12-08 00:12:28 INFO  Version:45 - HHH000412: Hibernate Core {5.2.12.Final}
2017-12-08 00:12:28 INFO  Environment:213 - HHH000206: hibernate.properties not found
2017-12-08 00:12:29 INFO  Version:66 - HCANN000001: Hibernate Commons Annotations {5.0.1.Final}
2017-12-08 00:12:30 INFO  Dialect:157 - HHH000400: Using dialect: org.hibernate.dialect.MySQL5Dialect
2017-12-08 00:12:32 INFO  Version:17 - HV000001: Hibernate Validator 5.2.1.Final
2017-12-08 00:12:35 INFO  Dialect:157 - HHH000400: Using dialect: org.hibernate.dialect.MySQL5Dialect
2017-12-08 00:12:55 INFO  QueryTranslatorFactoryInitiator:47 - HHH000397: Using ASTQueryTranslatorFactory
2017-12-08 00:12:55 WARN  HqlSqlWalker:1090 - [DEPRECATION] Encountered positional parameter near line 1, column 59 in HQL: [from by.myProject.model.domain.User as o where o.userName=? and o.password=?].  Positional parameter are considered deprecated; use named parameters or JPA-style positional parameters instead.
2017-12-08 00:12:55 WARN  HqlSqlWalker:1090 - [DEPRECATION] Encountered positional parameter near line 1, column 76 in HQL: [from by.myProject.model.domain.User as o where o.userName=? and o.password=?].  Positional parameter are considered deprecated; use named parameters or JPA-style positional parameters instead.
2017-12-08 00:15:36 INFO  Version:45 - HHH000412: Hibernate Core {5.2.12.Final}
2017-12-08 00:15:36 INFO  Environment:213 - HHH000206: hibernate.properties not found
2017-12-08 00:15:36 INFO  Version:66 - HCANN000001: Hibernate Commons Annotations {5.0.1.Final}
2017-12-08 00:15:36 INFO  Dialect:157 - HHH000400: Using dialect: org.hibernate.dialect.MySQL5Dialect
2017-12-08 00:15:37 INFO  Version:17 - HV000001: Hibernate Validator 5.2.1.Final
2017-12-08 00:15:38 INFO  Dialect:157 - HHH000400: Using dialect: org.hibernate.dialect.MySQL5Dialect
2017-12-08 00:17:32 INFO  QueryTranslatorFactoryInitiator:47 - HHH000397: Using ASTQueryTranslatorFactory
2017-12-08 00:17:32 WARN  HqlSqlWalker:1090 - [DEPRECATION] Encountered positional parameter near line 1, column 59 in HQL: [from by.myProject.model.domain.User as o where o.userName=? and o.password=?].  Positional parameter are considered deprecated; use named parameters or JPA-style positional parameters instead.
2017-12-08 00:17:32 WARN  HqlSqlWalker:1090 - [DEPRECATION] Encountered positional parameter near line 1, column 76 in HQL: [from by.myProject.model.domain.User as o where o.userName=? and o.password=?].  Positional parameter are considered deprecated; use named parameters or JPA-style positional parameters instead.
2017-12-08 00:21:51 INFO  Version:45 - HHH000412: Hibernate Core {5.2.12.Final}
2017-12-08 00:21:51 INFO  Environment:213 - HHH000206: hibernate.properties not found
2017-12-08 00:21:51 INFO  Version:66 - HCANN000001: Hibernate Commons Annotations {5.0.1.Final}
2017-12-08 00:21:51 INFO  Dialect:157 - HHH000400: Using dialect: org.hibernate.dialect.MySQL5Dialect
2017-12-08 00:21:52 INFO  Version:17 - HV000001: Hibernate Validator 5.2.1.Final
2017-12-08 00:21:54 INFO  Dialect:157 - HHH000400: Using dialect: org.hibernate.dialect.MySQL5Dialect
2017-12-08 00:22:11 INFO  QueryTranslatorFactoryInitiator:47 - HHH000397: Using ASTQueryTranslatorFactory
2017-12-08 00:22:12 WARN  HqlSqlWalker:1090 - [DEPRECATION] Encountered positional parameter near line 1, column 59 in HQL: [from by.myProject.model.domain.User as o where o.userName=? and o.password=?].  Positional parameter are considered deprecated; use named parameters or JPA-style positional parameters instead.
2017-12-08 00:22:12 WARN  HqlSqlWalker:1090 - [DEPRECATION] Encountered positional parameter near line 1, column 76 in HQL: [from by.myProject.model.domain.User as o where o.userName=? and o.password=?].  Positional parameter are considered deprecated; use named parameters or JPA-style positional parameters instead.
2017-12-08 00:25:17 INFO  Version:45 - HHH000412: Hibernate Core {5.2.12.Final}
2017-12-08 00:25:17 INFO  Environment:213 - HHH000206: hibernate.properties not found
2017-12-08 00:25:18 INFO  Version:66 - HCANN000001: Hibernate Commons Annotations {5.0.1.Final}
2017-12-08 00:25:18 INFO  Dialect:157 - HHH000400: Using dialect: org.hibernate.dialect.MySQL5Dialect
2017-12-08 00:25:19 INFO  Version:17 - HV000001: Hibernate Validator 5.2.1.Final
2017-12-08 00:25:20 INFO  Dialect:157 - HHH000400: Using dialect: org.hibernate.dialect.MySQL5Dialect
2017-12-08 00:30:09 INFO  Version:45 - HHH000412: Hibernate Core {5.2.12.Final}
2017-12-08 00:30:09 INFO  Environment:213 - HHH000206: hibernate.properties not found
2017-12-08 00:30:09 INFO  Version:66 - HCANN000001: Hibernate Commons Annotations {5.0.1.Final}
2017-12-08 00:30:10 INFO  Dialect:157 - HHH000400: Using dialect: org.hibernate.dialect.MySQL5Dialect
2017-12-08 00:30:10 INFO  Version:17 - HV000001: Hibernate Validator 5.2.1.Final
2017-12-08 00:30:12 INFO  Dialect:157 - HHH000400: Using dialect: org.hibernate.dialect.MySQL5Dialect
2017-12-08 00:30:29 INFO  QueryTranslatorFactoryInitiator:47 - HHH000397: Using ASTQueryTranslatorFactory
2017-12-08 00:30:30 WARN  HqlSqlWalker:1090 - [DEPRECATION] Encountered positional parameter near line 1, column 59 in HQL: [from by.myProject.model.domain.User as o where o.userName=? and o.password=?].  Positional parameter are considered deprecated; use named parameters or JPA-style positional parameters instead.
2017-12-08 00:30:30 WARN  HqlSqlWalker:1090 - [DEPRECATION] Encountered positional parameter near line 1, column 76 in HQL: [from by.myProject.model.domain.User as o where o.userName=? and o.password=?].  Positional parameter are considered deprecated; use named parameters or JPA-style positional parameters instead.
2017-12-08 00:34:20 INFO  Version:45 - HHH000412: Hibernate Core {5.2.12.Final}
2017-12-08 00:34:20 INFO  Environment:213 - HHH000206: hibernate.properties not found
2017-12-08 00:34:20 INFO  Version:66 - HCANN000001: Hibernate Commons Annotations {5.0.1.Final}
2017-12-08 00:34:20 INFO  Dialect:157 - HHH000400: Using dialect: org.hibernate.dialect.MySQL5Dialect
2017-12-08 00:34:21 INFO  Version:17 - HV000001: Hibernate Validator 5.2.1.Final
2017-12-08 00:34:23 INFO  Dialect:157 - HHH000400: Using dialect: org.hibernate.dialect.MySQL5Dialect
2017-12-08 00:48:36 INFO  Version:45 - HHH000412: Hibernate Core {5.2.12.Final}
2017-12-08 00:48:36 INFO  Environment:213 - HHH000206: hibernate.properties not found
2017-12-08 00:48:36 INFO  Version:66 - HCANN000001: Hibernate Commons Annotations {5.0.1.Final}
2017-12-08 00:48:38 INFO  Dialect:157 - HHH000400: Using dialect: org.hibernate.dialect.MySQL5Dialect
2017-12-08 00:48:39 INFO  Version:17 - HV000001: Hibernate Validator 5.2.1.Final
2017-12-08 00:48:41 INFO  Dialect:157 - HHH000400: Using dialect: org.hibernate.dialect.MySQL5Dialect
2017-12-08 00:50:49 INFO  Version:45 - HHH000412: Hibernate Core {5.2.12.Final}
2017-12-08 00:50:49 INFO  Environment:213 - HHH000206: hibernate.properties not found
2017-12-08 00:50:49 INFO  Version:66 - HCANN000001: Hibernate Commons Annotations {5.0.1.Final}
2017-12-08 00:50:50 INFO  Dialect:157 - HHH000400: Using dialect: org.hibernate.dialect.MySQL5Dialect
2017-12-08 00:50:52 INFO  Version:17 - HV000001: Hibernate Validator 5.2.1.Final
2017-12-08 00:50:58 INFO  Dialect:157 - HHH000400: Using dialect: org.hibernate.dialect.MySQL5Dialect
2017-12-08 00:51:24 INFO  QueryTranslatorFactoryInitiator:47 - HHH000397: Using ASTQueryTranslatorFactory
2017-12-08 00:51:24 WARN  HqlSqlWalker:1090 - [DEPRECATION] Encountered positional parameter near line 1, column 59 in HQL: [from by.myProject.model.domain.User as o where o.userName=? and o.password=?].  Positional parameter are considered deprecated; use named parameters or JPA-style positional parameters instead.
2017-12-08 00:51:24 WARN  HqlSqlWalker:1090 - [DEPRECATION] Encountered positional parameter near line 1, column 76 in HQL: [from by.myProject.model.domain.User as o where o.userName=? and o.password=?].  Positional parameter are considered deprecated; use named parameters or JPA-style positional parameters instead.
2017-12-08 00:55:00 INFO  Version:45 - HHH000412: Hibernate Core {5.2.12.Final}
2017-12-08 00:55:00 INFO  Environment:213 - HHH000206: hibernate.properties not found
2017-12-08 00:55:00 INFO  Version:66 - HCANN000001: Hibernate Commons Annotations {5.0.1.Final}
2017-12-08 00:55:00 INFO  Dialect:157 - HHH000400: Using dialect: org.hibernate.dialect.MySQL5Dialect
2017-12-08 00:55:01 INFO  Version:17 - HV000001: Hibernate Validator 5.2.1.Final
2017-12-08 00:55:03 INFO  Dialect:157 - HHH000400: Using dialect: org.hibernate.dialect.MySQL5Dialect
2017-12-08 01:06:34 INFO  Version:45 - HHH000412: Hibernate Core {5.2.12.Final}
2017-12-08 01:06:34 INFO  Environment:213 - HHH000206: hibernate.properties not found
2017-12-08 01:06:34 INFO  Version:66 - HCANN000001: Hibernate Commons Annotations {5.0.1.Final}
2017-12-08 01:06:35 INFO  Dialect:157 - HHH000400: Using dialect: org.hibernate.dialect.MySQL5Dialect
2017-12-08 01:06:36 INFO  Version:17 - HV000001: Hibernate Validator 5.2.1.Final
2017-12-08 01:06:39 INFO  Dialect:157 - HHH000400: Using dialect: org.hibernate.dialect.MySQL5Dialect
2017-12-08 11:56:07 INFO  Version:45 - HHH000412: Hibernate Core {5.2.12.Final}
2017-12-08 11:56:07 INFO  Environment:213 - HHH000206: hibernate.properties not found
2017-12-08 11:56:08 INFO  Version:66 - HCANN000001: Hibernate Commons Annotations {5.0.1.Final}
2017-12-08 11:56:10 INFO  Dialect:157 - HHH000400: Using dialect: org.hibernate.dialect.MySQL5Dialect
2017-12-08 11:56:14 INFO  Version:17 - HV000001: Hibernate Validator 5.2.1.Final
2017-12-08 11:56:17 INFO  Dialect:157 - HHH000400: Using dialect: org.hibernate.dialect.MySQL5Dialect
2017-12-12 19:25:29 INFO  Version:45 - HHH000412: Hibernate Core {5.2.12.Final}
2017-12-12 19:25:29 INFO  Environment:213 - HHH000206: hibernate.properties not found
2017-12-12 19:25:30 INFO  Version:66 - HCANN000001: Hibernate Commons Annotations {5.0.1.Final}
2017-12-12 19:25:33 INFO  Dialect:157 - HHH000400: Using dialect: org.hibernate.dialect.MySQL5Dialect
2017-12-12 19:25:34 INFO  Version:17 - HV000001: Hibernate Validator 5.2.1.Final
2017-12-12 19:25:38 INFO  Dialect:157 - HHH000400: Using dialect: org.hibernate.dialect.MySQL5Dialect
2017-12-12 19:26:00 INFO  QueryTranslatorFactoryInitiator:47 - HHH000397: Using ASTQueryTranslatorFactory
